<?xml version="1.0" encoding="UTF-8"?>
<!-- Generated by org.testng.reporters.JUnitReportReporter -->
<testsuite hostname="DESKTOP-8EODA8M" failures="0" tests="3" name="package1.TestNgFinal" time="0.020" errors="0" timestamp="2022-09-08T01:29:12 IST" skipped="0">
  <testcase classname="package1.TestNgFinal" name="test123" time="0.011"/>
  <system-out/>
  <testcase classname="package1.TestNgFinal" name="test456" time="0.004"/>
  <system-out/>
  <testcase classname="package1.TestNgFinal" name="test789" time="0.005"/>
  <system-out/>
</testsuite> <!-- package1.TestNgFinal -->
