<?xml version="1.0" encoding="UTF-8"?>
<!-- Generated by org.testng.reporters.JUnitReportReporter -->
<testsuite hostname="DESKTOP-8EODA8M" failures="0" tests="2" name="package1.FinalTestNgClass" time="12.034" errors="0" timestamp="2022-09-08T01:52:34 IST" skipped="0">
  <testcase classname="package1.FinalTestNgClass" name="test123" time="5.610"/>
  <system-out/>
  <testcase classname="package1.FinalTestNgClass" name="test456" time="6.424"/>
  <system-out/>
</testsuite> <!-- package1.FinalTestNgClass -->
