<?xml version="1.0" encoding="UTF-8"?>
<!-- Generated by org.testng.reporters.JUnitReportReporter -->
<testsuite hostname="DESKTOP-8EODA8M" failures="0" tests="2" name="package1.TestNg_Assertion_HardAssert" time="10.170" errors="0" timestamp="2022-09-13T19:12:16 IST" skipped="0">
  <testcase classname="package1.TestNg_Assertion_HardAssert" name="verifyGoBackToMessengerButton" time="5.638"/>
  <system-out/>
  <testcase classname="package1.TestNg_Assertion_HardAssert" name="verifyGoBackToHelpCenterButton" time="4.532"/>
  <system-out/>
</testsuite> <!-- package1.TestNg_Assertion_HardAssert -->
