<?xml version="1.0" encoding="UTF-8"?>
<!-- Generated by org.testng.reporters.JUnitReportReporter -->
<testsuite hostname="DESKTOP-8EODA8M" failures="0" tests="4" name="package1.TestNGKeyword_invocationCount" time="0.018" errors="0" timestamp="2022-09-12T18:39:06 IST" skipped="0">
  <testcase classname="package1.TestNGKeyword_invocationCount" name="test5" time="0.002"/>
  <system-out/>
  <testcase classname="package1.TestNGKeyword_invocationCount" name="test5" time="0.003"/>
  <system-out/>
  <testcase classname="package1.TestNGKeyword_invocationCount" name="test5" time="0.003"/>
  <system-out/>
  <testcase classname="package1.TestNGKeyword_invocationCount" name="test5" time="0.010"/>
  <system-out/>
</testsuite> <!-- package1.TestNGKeyword_invocationCount -->
