<?xml version="1.0" encoding="UTF-8"?>
<!-- Generated by org.testng.reporters.JUnitReportReporter -->
<testsuite hostname="DESKTOP-8EODA8M" failures="0" tests="2" name="package1.VerifyProfilePage" time="38.063" errors="0" timestamp="2022-09-21T00:22:58 IST" skipped="0">
  <testcase classname="package1.VerifyProfilePage" name="verifyEditProfileButton" time="22.629"/>
  <system-out/>
  <testcase classname="package1.VerifyProfilePage" name="verifyAddToStoryButton" time="15.434"/>
  <system-out/>
</testsuite> <!-- package1.VerifyProfilePage -->
