<?xml version="1.0" encoding="UTF-8"?>
<!-- Generated by org.testng.reporters.JUnitReportReporter -->
<testsuite hostname="DESKTOP-8EODA8M" failures="0" tests="3" name="package1.TestNgClassStep1" time="0.026" errors="0" timestamp="2022-09-08T18:13:54 IST" skipped="0">
  <testcase classname="package1.TestNgClassStep1" name="test789" time="0.007"/>
  <system-out/>
  <testcase classname="package1.TestNgClassStep1" name="test456" time="0.006"/>
  <system-out/>
  <testcase classname="package1.TestNgClassStep1" name="test123" time="0.013"/>
  <system-out/>
</testsuite> <!-- package1.TestNgClassStep1 -->
