<?xml version="1.0" encoding="UTF-8"?>
<!-- Generated by org.testng.reporters.JUnitReportReporter -->
<testsuite hostname="DESKTOP-8EODA8M" failures="0" tests="2" name="package1.VerifyRoomspage" time="14.136" errors="0" timestamp="2022-09-20T18:45:46 IST" skipped="0">
  <testcase classname="package1.VerifyRoomspage" name="verifyGoBackToHelpCenterButton" time="5.875"/>
  <system-out/>
  <testcase classname="package1.VerifyRoomspage" name="verifyGoBackToMessengerButton" time="8.261"/>
  <system-out/>
</testsuite> <!-- package1.VerifyRoomspage -->
