<?xml version="1.0" encoding="UTF-8"?>
<!-- Generated by org.testng.reporters.JUnitReportReporter -->
<testsuite hostname="DESKTOP-8EODA8M" failures="0" tests="6" name="package1.PriorityKeyword" time="0.036" errors="0" timestamp="2022-09-12T18:32:21 IST" skipped="0">
  <testcase classname="package1.PriorityKeyword" name="test6" time="0.011"/>
  <system-out/>
  <testcase classname="package1.PriorityKeyword" name="test5" time="0.003"/>
  <system-out/>
  <testcase classname="package1.PriorityKeyword" name="test4" time="0.004"/>
  <system-out/>
  <testcase classname="package1.PriorityKeyword" name="test2" time="0.003"/>
  <system-out/>
  <testcase classname="package1.PriorityKeyword" name="test3" time="0.013"/>
  <system-out/>
  <testcase classname="package1.PriorityKeyword" name="test1" time="0.002"/>
  <system-out/>
</testsuite> <!-- package1.PriorityKeyword -->
