<?xml version="1.0" encoding="UTF-8"?>
<!-- Generated by org.testng.reporters.JUnitReportReporter -->
<testsuite hostname="DESKTOP-8EODA8M" failures="0" tests="1" name="package1.TestNGAnnotations" time="0.012" errors="0" timestamp="2022-09-12T14:42:23 IST" skipped="0">
  <testcase classname="package1.TestNGAnnotations" name="test" time="0.012"/>
  <system-out/>
</testsuite> <!-- package1.TestNGAnnotations -->
