<?xml version="1.0" encoding="UTF-8"?>
<!-- Generated by org.testng.reporters.JUnitReportReporter -->
<testsuite hostname="DESKTOP-8EODA8M" failures="0" tests="3" name="package1.TestNgClass" time="0.022" errors="0" timestamp="2022-09-08T01:01:08 IST" skipped="0">
  <testcase classname="package1.TestNgClass" name="test123" time="0.015"/>
  <system-out/>
  <testcase classname="package1.TestNgClass" name="test456" time="0.003"/>
  <system-out/>
  <testcase classname="package1.TestNgClass" name="test789" time="0.004"/>
  <system-out/>
</testsuite> <!-- package1.TestNgClass -->
