<?xml version="1.0" encoding="UTF-8"?>
<!-- Generated by org.testng.reporters.JUnitReportReporter -->
<testsuite hostname="DESKTOP-8EODA8M" failures="0" tests="4" name="package1.TestNGKeyword_priority" time="0.052" errors="0" timestamp="2022-09-12T18:27:43 IST" skipped="0">
  <testcase classname="package1.TestNGKeyword_priority" name="test4" time="0.029"/>
  <system-out/>
  <testcase classname="package1.TestNGKeyword_priority" name="test3" time="0.008"/>
  <system-out/>
  <testcase classname="package1.TestNGKeyword_priority" name="test2" time="0.009"/>
  <system-out/>
  <testcase classname="package1.TestNGKeyword_priority" name="test1" time="0.006"/>
  <system-out/>
</testsuite> <!-- package1.TestNGKeyword_priority -->
